mode: atomic
github.com/vicenteherrera/psa-checker/pkg/analyzer/client.go:17.54,22.2 1 0
github.com/vicenteherrera/psa-checker/pkg/analyzer/client.go:30.58,38.43 5 0
github.com/vicenteherrera/psa-checker/pkg/analyzer/client.go:61.2,64.22 3 0
github.com/vicenteherrera/psa-checker/pkg/analyzer/client.go:38.43,40.17 2 0
github.com/vicenteherrera/psa-checker/pkg/analyzer/client.go:40.17,43.4 2 0
github.com/vicenteherrera/psa-checker/pkg/analyzer/client.go:44.8,47.22 3 0
github.com/vicenteherrera/psa-checker/pkg/analyzer/client.go:50.3,50.27 1 0
github.com/vicenteherrera/psa-checker/pkg/analyzer/client.go:53.3,55.23 2 0
github.com/vicenteherrera/psa-checker/pkg/analyzer/client.go:47.22,49.4 1 0
github.com/vicenteherrera/psa-checker/pkg/analyzer/client.go:50.27,52.4 1 0
github.com/vicenteherrera/psa-checker/pkg/analyzer/client.go:55.23,57.4 1 0
github.com/vicenteherrera/psa-checker/pkg/analyzer/psaEvaluator.go:27.37,29.2 1 1
github.com/vicenteherrera/psa-checker/pkg/analyzer/psaEvaluator.go:34.94,49.16 12 8
github.com/vicenteherrera/psa-checker/pkg/analyzer/psaEvaluator.go:52.2,53.16 2 8
github.com/vicenteherrera/psa-checker/pkg/analyzer/psaEvaluator.go:57.2,62.6 2 8
github.com/vicenteherrera/psa-checker/pkg/analyzer/psaEvaluator.go:90.2,90.22 1 8
github.com/vicenteherrera/psa-checker/pkg/analyzer/psaEvaluator.go:49.16,50.13 1 0
github.com/vicenteherrera/psa-checker/pkg/analyzer/psaEvaluator.go:53.16,54.13 1 0
github.com/vicenteherrera/psa-checker/pkg/analyzer/psaEvaluator.go:62.6,65.29 3 16
github.com/vicenteherrera/psa-checker/pkg/analyzer/psaEvaluator.go:68.3,68.17 1 8
github.com/vicenteherrera/psa-checker/pkg/analyzer/psaEvaluator.go:72.3,73.17 2 8
github.com/vicenteherrera/psa-checker/pkg/analyzer/psaEvaluator.go:78.3,79.18 2 8
github.com/vicenteherrera/psa-checker/pkg/analyzer/psaEvaluator.go:86.3,87.49 2 8
github.com/vicenteherrera/psa-checker/pkg/analyzer/psaEvaluator.go:65.29,66.9 1 8
github.com/vicenteherrera/psa-checker/pkg/analyzer/psaEvaluator.go:68.17,69.14 1 0
github.com/vicenteherrera/psa-checker/pkg/analyzer/psaEvaluator.go:73.17,74.14 1 0
github.com/vicenteherrera/psa-checker/pkg/analyzer/psaEvaluator.go:79.18,82.12 2 0
github.com/vicenteherrera/psa-checker/pkg/analyzer/psaEvaluator.go:93.128,99.18 5 8
github.com/vicenteherrera/psa-checker/pkg/analyzer/psaEvaluator.go:141.2,148.25 5 7
github.com/vicenteherrera/psa-checker/pkg/analyzer/psaEvaluator.go:157.2,157.21 1 7
github.com/vicenteherrera/psa-checker/pkg/analyzer/psaEvaluator.go:100.13,104.21 4 3
github.com/vicenteherrera/psa-checker/pkg/analyzer/psaEvaluator.go:105.20,109.42 4 1
github.com/vicenteherrera/psa-checker/pkg/analyzer/psaEvaluator.go:110.19,114.41 4 1
github.com/vicenteherrera/psa-checker/pkg/analyzer/psaEvaluator.go:115.20,119.42 4 1
github.com/vicenteherrera/psa-checker/pkg/analyzer/psaEvaluator.go:120.21,124.43 4 1
github.com/vicenteherrera/psa-checker/pkg/analyzer/psaEvaluator.go:125.13,129.35 4 0
github.com/vicenteherrera/psa-checker/pkg/analyzer/psaEvaluator.go:130.17,134.56 4 0
github.com/vicenteherrera/psa-checker/pkg/analyzer/psaEvaluator.go:135.10,138.19 2 1
github.com/vicenteherrera/psa-checker/pkg/analyzer/psaEvaluator.go:148.25,149.26 1 77
github.com/vicenteherrera/psa-checker/pkg/analyzer/psaEvaluator.go:149.26,153.4 3 5
