mode: atomic
github.com/vicenteherrera/psa-checker/pkg/analyzer/client.go:17.54,22.2 1 0
github.com/vicenteherrera/psa-checker/pkg/analyzer/client.go:30.58,38.43 5 0
github.com/vicenteherrera/psa-checker/pkg/analyzer/client.go:60.2,66.22 4 0
github.com/vicenteherrera/psa-checker/pkg/analyzer/client.go:38.43,40.17 2 0
github.com/vicenteherrera/psa-checker/pkg/analyzer/client.go:40.17,43.4 2 0
github.com/vicenteherrera/psa-checker/pkg/analyzer/client.go:44.8,47.22 3 0
github.com/vicenteherrera/psa-checker/pkg/analyzer/client.go:50.3,50.27 1 0
github.com/vicenteherrera/psa-checker/pkg/analyzer/client.go:53.3,55.23 2 0
github.com/vicenteherrera/psa-checker/pkg/analyzer/client.go:47.22,49.4 1 0
github.com/vicenteherrera/psa-checker/pkg/analyzer/client.go:50.27,52.4 1 0
github.com/vicenteherrera/psa-checker/pkg/analyzer/client.go:55.23,57.4 1 0
github.com/vicenteherrera/psa-checker/pkg/analyzer/psaEvaluator.go:27.37,29.2 1 1
github.com/vicenteherrera/psa-checker/pkg/analyzer/psaEvaluator.go:34.94,48.16 11 4
github.com/vicenteherrera/psa-checker/pkg/analyzer/psaEvaluator.go:51.2,52.16 2 4
github.com/vicenteherrera/psa-checker/pkg/analyzer/psaEvaluator.go:56.2,61.6 2 4
github.com/vicenteherrera/psa-checker/pkg/analyzer/psaEvaluator.go:89.2,89.22 1 4
github.com/vicenteherrera/psa-checker/pkg/analyzer/psaEvaluator.go:48.16,49.13 1 0
github.com/vicenteherrera/psa-checker/pkg/analyzer/psaEvaluator.go:52.16,53.13 1 0
github.com/vicenteherrera/psa-checker/pkg/analyzer/psaEvaluator.go:61.6,64.29 3 8
github.com/vicenteherrera/psa-checker/pkg/analyzer/psaEvaluator.go:67.3,67.17 1 4
github.com/vicenteherrera/psa-checker/pkg/analyzer/psaEvaluator.go:71.3,72.17 2 4
github.com/vicenteherrera/psa-checker/pkg/analyzer/psaEvaluator.go:77.3,78.18 2 4
github.com/vicenteherrera/psa-checker/pkg/analyzer/psaEvaluator.go:85.3,86.49 2 4
github.com/vicenteherrera/psa-checker/pkg/analyzer/psaEvaluator.go:64.29,65.9 1 4
github.com/vicenteherrera/psa-checker/pkg/analyzer/psaEvaluator.go:67.17,68.14 1 0
github.com/vicenteherrera/psa-checker/pkg/analyzer/psaEvaluator.go:72.17,73.14 1 0
github.com/vicenteherrera/psa-checker/pkg/analyzer/psaEvaluator.go:78.18,81.12 2 0
github.com/vicenteherrera/psa-checker/pkg/analyzer/psaEvaluator.go:92.128,98.18 5 4
github.com/vicenteherrera/psa-checker/pkg/analyzer/psaEvaluator.go:135.2,142.25 5 3
github.com/vicenteherrera/psa-checker/pkg/analyzer/psaEvaluator.go:151.2,151.21 1 3
github.com/vicenteherrera/psa-checker/pkg/analyzer/psaEvaluator.go:99.13,103.21 4 3
github.com/vicenteherrera/psa-checker/pkg/analyzer/psaEvaluator.go:104.20,108.42 4 0
github.com/vicenteherrera/psa-checker/pkg/analyzer/psaEvaluator.go:109.19,113.41 4 0
github.com/vicenteherrera/psa-checker/pkg/analyzer/psaEvaluator.go:114.20,118.42 4 0
github.com/vicenteherrera/psa-checker/pkg/analyzer/psaEvaluator.go:119.13,123.35 4 0
github.com/vicenteherrera/psa-checker/pkg/analyzer/psaEvaluator.go:124.17,128.56 4 0
github.com/vicenteherrera/psa-checker/pkg/analyzer/psaEvaluator.go:129.10,132.19 2 1
github.com/vicenteherrera/psa-checker/pkg/analyzer/psaEvaluator.go:142.25,143.26 1 33
github.com/vicenteherrera/psa-checker/pkg/analyzer/psaEvaluator.go:143.26,147.4 3 4
